#
# There is insufficient memory for the Java Runtime Environment to continue.
# Native memory allocation (malloc) failed to allocate 2277456 bytes for Chunk::new
# Possible reasons:
#   The system is out of physical RAM or swap space
#   In 32 bit mode, the process size limit was hit
# Possible solutions:
#   Reduce memory load on the system
#   Increase physical memory or swap space
#   Check if swap backing store is full
#   Use 64 bit Java on a 64 bit OS
#   Decrease Java heap size (-Xmx/-Xms)
#   Decrease number of Java threads
#   Decrease Java thread stack sizes (-Xss)
#   Set larger code cache with -XX:ReservedCodeCacheSize=
# This output file may be truncated or incomplete.
#
#  Out of Memory Error (allocation.cpp:390), pid=3076, tid=0x000000000000164c
#
# JRE version: Java(TM) SE Runtime Environment (8.0_121-b13) (build 1.8.0_121-b13)
# Java VM: Java HotSpot(TM) 64-Bit Server VM (25.121-b13 mixed mode windows-amd64 compressed oops)
# Failed to write core dump. Minidumps are not enabled by default on client versions of Windows
#

---------------  T H R E A D  ---------------

Current thread (0x0000000018c2b800):  JavaThread "C2 CompilerThread1" daemon [_thread_in_native, id=5708, stack(0x00000000193f0000,0x00000000194f0000)]

Stack: [0x00000000193f0000,0x00000000194f0000]
[error occurred during error reporting (printing stack bounds), id 0xc0000005]

Native frames: (J=compiled Java code, j=interpreted, Vv=VM code, C=native code)


Current CompileTask:
C2:   3591 1464       4       java.net.URLClassLoader$1::run (5 bytes)


---------------  P R O C E S S  ---------------

Java Threads: ( => current thread )
  0x0000000018cb1800 JavaThread "Service Thread" daemon [_thread_blocked, id=12724, stack(0x00000000195f0000,0x00000000196f0000)]
  0x0000000018c85800 JavaThread "C1 CompilerThread2" daemon [_thread_blocked, id=6280, stack(0x00000000194f0000,0x00000000195f0000)]
=>0x0000000018c2b800 JavaThread "C2 CompilerThread1" daemon [_thread_in_native, id=5708, stack(0x00000000193f0000,0x00000000194f0000)]
  0x0000000018c0e000 JavaThread "C2 CompilerThread0" daemon [_thread_blocked, id=5348, stack(0x00000000192f0000,0x00000000193f0000)]
  0x0000000018c0d000 JavaThread "Monitor Ctrl-Break" daemon [_thread_in_native, id=10324, stack(0x00000000191f0000,0x00000000192f0000)]
  0x000000001789e000 JavaThread "Attach Listener" daemon [_thread_blocked, id=760, stack(0x00000000190f0000,0x00000000191f0000)]
  0x0000000018bf8800 JavaThread "Signal Dispatcher" daemon [_thread_blocked, id=5536, stack(0x0000000018ff0000,0x00000000190f0000)]
  0x0000000002d4d800 JavaThread "Finalizer" daemon [_thread_blocked, id=2088, stack(0x0000000018af0000,0x0000000018bf0000)]
  0x0000000002d42000 JavaThread "Reference Handler" daemon [_thread_blocked, id=7000, stack(0x00000000189f0000,0x0000000018af0000)]
  0x0000000000b3e000 JavaThread "main" [_thread_in_native, id=2216, stack(0x0000000002a00000,0x0000000002b00000)]

Other Threads:
  0x0000000017857000 VMThread [stack: 0x00000000188f0000,0x00000000189f0000] [id=10760]
  0x0000000018cfe800 WatcherThread [stack: 0x00000000196f0000,0x00000000197f0000] [id=12708]

VM state:not at safepoint (normal execution)

VM Mutex/Monitor currently owned by a thread: None

Heap:
 PSYoungGen      total 38400K, used 29113K [0x00000000d5e00000, 0x00000000d8880000, 0x0000000100000000)
  eden space 33280K, 72% used [0x00000000d5e00000,0x00000000d7572b30,0x00000000d7e80000)
  from space 5120K, 99% used [0x00000000d8380000,0x00000000d887bca0,0x00000000d8880000)
  to   space 5120K, 0% used [0x00000000d7e80000,0x00000000d7e80000,0x00000000d8380000)
 ParOldGen       total 87552K, used 1941K [0x0000000081a00000, 0x0000000086f80000, 0x00000000d5e00000)
  object space 87552K, 2% used [0x0000000081a00000,0x0000000081be5490,0x0000000086f80000)
 Metaspace       used 14174K, capacity 14410K, committed 14720K, reserved 1062912K
  class space    used 1754K, capacity 1846K, committed 1920K, reserved 1048576K

Card table byte_map: [0x0000000012110000,0x0000000012510000] byte_map_base: 0x0000000011d03000

Marking Bits: (ParMarkBitMap*) 0x0000000068bcb6d0
 Begin Bits: [0x0000000012bc0000, 0x0000000014b58000)
 End Bits:   [0x0000000014b58000, 0x0000000016af0000)

Polling page: 0x0000000000b00000

CodeCache: size=245760Kb used=5878Kb max_used=5878Kb free=239881Kb
 bounds [0x0000000002d50000, 0x0000000003320000, 0x0000000011d50000]
 total_blobs=2027 nmethods=1690 adapters=249
 compilation: enabled

Compilation events (10 events):
Event: 3.388 Thread 0x0000000018c85800 nmethod 1668 0x00000000032ec350 code [0x00000000032ec4c0, 0x00000000032ec6f0]
Event: 3.388 Thread 0x0000000018c85800 1669       3       java.util.regex.Matcher::start (22 bytes)
Event: 3.388 Thread 0x0000000018c85800 nmethod 1669 0x00000000032ebe90 code [0x00000000032ec000, 0x00000000032ec268]
Event: 3.389 Thread 0x0000000018c0e000 nmethod 1649 0x00000000032eba90 code [0x00000000032ebbe0, 0x00000000032ebd18]
Event: 3.389 Thread 0x0000000018c0e000 1667       4       java.util.regex.Pattern$5::isSatisfiedBy (28 bytes)
Event: 3.392 Thread 0x0000000018c0e000 nmethod 1667 0x00000000032f0290 code [0x00000000032f0420, 0x00000000032f0768]
Event: 3.392 Thread 0x0000000018c0e000 1657       4       sun.reflect.UnsafeQualifiedStaticObjectFieldAccessorImpl::get (15 bytes)
Event: 3.393 Thread 0x0000000018c0e000 nmethod 1657 0x00000000032ca3d0 code [0x00000000032ca500, 0x00000000032ca578]
Event: 3.393 Thread 0x0000000018c0e000 1647       4       java.lang.Object::equals (11 bytes)
Event: 3.393 Thread 0x0000000018c0e000 nmethod 1647 0x00000000032ed410 code [0x00000000032ed540, 0x00000000032ed5b8]

GC Heap History (4 events):
Event: 1.454 GC heap before
{Heap before GC invocations=1 (full 0):
 PSYoungGen      total 38400K, used 33280K [0x00000000d5e00000, 0x00000000d8880000, 0x0000000100000000)
  eden space 33280K, 100% used [0x00000000d5e00000,0x00000000d7e80000,0x00000000d7e80000)
  from space 5120K, 0% used [0x00000000d8380000,0x00000000d8380000,0x00000000d8880000)
  to   space 5120K, 0% used [0x00000000d7e80000,0x00000000d7e80000,0x00000000d8380000)
 ParOldGen       total 87552K, used 0K [0x0000000081a00000, 0x0000000086f80000, 0x00000000d5e00000)
  object space 87552K, 0% used [0x0000000081a00000,0x0000000081a00000,0x0000000086f80000)
 Metaspace       used 8079K, capacity 8264K, committed 8576K, reserved 1056768K
  class space    used 1001K, capacity 1052K, committed 1152K, reserved 1048576K
Event: 1.460 GC heap after
Heap after GC invocations=1 (full 0):
 PSYoungGen      total 38400K, used 4841K [0x00000000d5e00000, 0x00000000d8880000, 0x0000000100000000)
  eden space 33280K, 0% used [0x00000000d5e00000,0x00000000d5e00000,0x00000000d7e80000)
  from space 5120K, 94% used [0x00000000d7e80000,0x00000000d833a5f8,0x00000000d8380000)
  to   space 5120K, 0% used [0x00000000d8380000,0x00000000d8380000,0x00000000d8880000)
 ParOldGen       total 87552K, used 8K [0x0000000081a00000, 0x0000000086f80000, 0x00000000d5e00000)
  object space 87552K, 0% used [0x0000000081a00000,0x0000000081a02000,0x0000000086f80000)
 Metaspace       used 8079K, capacity 8264K, committed 8576K, reserved 1056768K
  class space    used 1001K, capacity 1052K, committed 1152K, reserved 1048576K
}
Event: 2.198 GC heap before
{Heap before GC invocations=2 (full 0):
 PSYoungGen      total 38400K, used 38121K [0x00000000d5e00000, 0x00000000d8880000, 0x0000000100000000)
  eden space 33280K, 100% used [0x00000000d5e00000,0x00000000d7e80000,0x00000000d7e80000)
  from space 5120K, 94% used [0x00000000d7e80000,0x00000000d833a5f8,0x00000000d8380000)
  to   space 5120K, 0% used [0x00000000d8380000,0x00000000d8380000,0x00000000d8880000)
 ParOldGen       total 87552K, used 8K [0x0000000081a00000, 0x0000000086f80000, 0x00000000d5e00000)
  object space 87552K, 0% used [0x0000000081a00000,0x0000000081a02000,0x0000000086f80000)
 Metaspace       used 11770K, capacity 12030K, committed 12160K, reserved 1060864K
  class space    used 1477K, capacity 1578K, committed 1664K, reserved 1048576K
Event: 2.207 GC heap after
Heap after GC invocations=2 (full 0):
 PSYoungGen      total 38400K, used 5103K [0x00000000d5e00000, 0x00000000d8880000, 0x0000000100000000)
  eden space 33280K, 0% used [0x00000000d5e00000,0x00000000d5e00000,0x00000000d7e80000)
  from space 5120K, 99% used [0x00000000d8380000,0x00000000d887bca0,0x00000000d8880000)
  to   space 5120K, 0% used [0x00000000d7e80000,0x00000000d7e80000,0x00000000d8380000)
 ParOldGen       total 87552K, used 1941K [0x0000000081a00000, 0x0000000086f80000, 0x00000000d5e00000)
  object space 87552K, 2% used [0x0000000081a00000,0x0000000081be5490,0x0000000086f80000)
 Metaspace       used 11770K, capacity 12030K, committed 12160K, reserved 1060864K
  class space    used 1477K, capacity 1578K, committed 1664K, reserved 1048576K
}

Deoptimization events (10 events):
Event: 2.259 Thread 0x0000000000b3e000 Uncommon trap: reason=class_check action=maybe_recompile pc=0x0000000003081f90 method=java.util.HashMap.putVal(ILjava/lang/Object;Ljava/lang/Object;ZZ)Ljava/lang/Object; @ 203
Event: 2.388 Thread 0x0000000000b3e000 Uncommon trap: reason=class_check action=maybe_recompile pc=0x00000000030857cc method=java.util.HashMap.putVal(ILjava/lang/Object;Ljava/lang/Object;ZZ)Ljava/lang/Object; @ 203
Event: 2.457 Thread 0x0000000000b3e000 Uncommon trap: reason=unstable_if action=reinterpret pc=0x000000000316b918 method=java.lang.reflect.Modifier.isSynthetic(I)Z @ 5
Event: 2.555 Thread 0x0000000000b3e000 Uncommon trap: reason=null_check action=make_not_entrant pc=0x0000000002f2c55c method=java.lang.String.equals(Ljava/lang/Object;)Z @ 8
Event: 2.599 Thread 0x0000000000b3e000 Uncommon trap: reason=unstable_if action=reinterpret pc=0x000000000304b4d0 method=org.codehaus.plexus.util.xml.pull.MXParser.parseStartTag()I @ 443
Event: 2.751 Thread 0x0000000000b3e000 Uncommon trap: reason=unstable_if action=reinterpret pc=0x0000000002fdeba4 method=sun.nio.cs.UTF_8$Decoder.decodeArrayLoop(Ljava/nio/ByteBuffer;Ljava/nio/CharBuffer;)Ljava/nio/charset/CoderResult; @ 84
Event: 2.752 Thread 0x0000000000b3e000 Uncommon trap: reason=unstable_if action=reinterpret pc=0x0000000002fac128 method=org.codehaus.plexus.util.xml.pull.MXParser.isS(C)Z @ 21
Event: 2.772 Thread 0x0000000000b3e000 Uncommon trap: reason=unstable_if action=reinterpret pc=0x0000000002f07328 method=java.lang.String.replace(CC)Ljava/lang/String; @ 2
Event: 3.046 Thread 0x0000000000b3e000 Uncommon trap: reason=unstable_if action=reinterpret pc=0x00000000032600f4 method=sun.nio.cs.StreamDecoder.implRead([CII)I @ 36
Event: 3.329 Thread 0x0000000000b3e000 Uncommon trap: reason=unstable_if action=reinterpret pc=0x000000000326cdd8 method=org.codehaus.plexus.util.xml.pull.MXParser.nextImpl()I @ 879

Internal exceptions (10 events):
Event: 1.215 Thread 0x0000000000b3e000 Exception <a 'java/lang/ArrayIndexOutOfBoundsException'> (0x00000000d72e6c60) thrown at [C:\re\workspace\8-2-build-windows-amd64-cygwin\jdk8u121\8372\hotspot\src\share\vm\runtime\sharedRuntime.cpp, line 605]
Event: 1.215 Thread 0x0000000000b3e000 Exception <a 'java/lang/ArrayIndexOutOfBoundsException'> (0x00000000d72e88f0) thrown at [C:\re\workspace\8-2-build-windows-amd64-cygwin\jdk8u121\8372\hotspot\src\share\vm\runtime\sharedRuntime.cpp, line 605]
Event: 1.215 Thread 0x0000000000b3e000 Exception <a 'java/lang/ArrayIndexOutOfBoundsException'> (0x00000000d72e9650) thrown at [C:\re\workspace\8-2-build-windows-amd64-cygwin\jdk8u121\8372\hotspot\src\share\vm\runtime\sharedRuntime.cpp, line 605]
Event: 1.215 Thread 0x0000000000b3e000 Exception <a 'java/lang/ArrayIndexOutOfBoundsException'> (0x00000000d72eafa0) thrown at [C:\re\workspace\8-2-build-windows-amd64-cygwin\jdk8u121\8372\hotspot\src\share\vm\runtime\sharedRuntime.cpp, line 605]
Event: 1.216 Thread 0x0000000000b3e000 Exception <a 'java/lang/ArrayIndexOutOfBoundsException': 24> (0x00000000d72ec3f8) thrown at [C:\re\workspace\8-2-build-windows-amd64-cygwin\jdk8u121\8372\hotspot\src\share\vm\interpreter\interpreterRuntime.cpp, line 366]
Event: 1.216 Thread 0x0000000000b3e000 Exception <a 'java/lang/ArrayIndexOutOfBoundsException': 86> (0x00000000d72ee108) thrown at [C:\re\workspace\8-2-build-windows-amd64-cygwin\jdk8u121\8372\hotspot\src\share\vm\interpreter\interpreterRuntime.cpp, line 366]
Event: 1.216 Thread 0x0000000000b3e000 Exception <a 'java/lang/ArrayIndexOutOfBoundsException': 100> (0x00000000d72ef818) thrown at [C:\re\workspace\8-2-build-windows-amd64-cygwin\jdk8u121\8372\hotspot\src\share\vm\interpreter\interpreterRuntime.cpp, line 366]
Event: 1.684 Thread 0x0000000000b3e000 Exception <a 'java/lang/NoClassDefFoundError': com/google/inject/servlet/ServletModuleTargetVisitor> (0x00000000d6749b38) thrown at [C:\re\workspace\8-2-build-windows-amd64-cygwin\jdk8u121\8372\hotspot\src\share\vm\classfile\systemDictionary.cpp, line 199
Event: 1.684 Thread 0x0000000000b3e000 Exception <a 'java/lang/NoClassDefFoundError'> (0x00000000d6749b38) thrown at [C:\re\workspace\8-2-build-windows-amd64-cygwin\jdk8u121\8372\hotspot\src\share\vm\prims\jvm.cpp, line 1394]
Event: 2.555 Thread 0x0000000000b3e000 Implicit null exception at 0x0000000002f2c39b to 0x0000000002f2c54d

Events (10 events):
Event: 3.218 loading class org/apache/maven/lifecycle/mapping/Lifecycle done
Event: 3.222 loading class org/apache/maven/lifecycle/internal/DefaultLifecyclePluginAnalyzer$1
Event: 3.222 loading class org/apache/maven/lifecycle/internal/DefaultLifecyclePluginAnalyzer$1 done
Event: 3.278 Thread 0x0000000000b3e000 DEOPT PACKING pc=0x000000000324535b sp=0x0000000002afd4e0
Event: 3.278 Thread 0x0000000000b3e000 DEOPT UNPACKING pc=0x0000000002d9787f sp=0x0000000002afd2e0 mode 0
Event: 3.329 Thread 0x0000000000b3e000 Uncommon trap: trap_request=0xffffff65 fr.pc=0x000000000326cdd8
Event: 3.329 Thread 0x0000000000b3e000 DEOPT PACKING pc=0x000000000326cdd8 sp=0x0000000002afd5b0
Event: 3.329 Thread 0x0000000000b3e000 DEOPT UNPACKING pc=0x0000000002d9582a sp=0x0000000002afd508 mode 2
Event: 3.383 loading class org/apache/maven/project/ProjectModelResolver$1
Event: 3.383 loading class org/apache/maven/project/ProjectModelResolver$1 done


Dynamic libraries:
0x00007ff6cf1d0000 - 0x00007ff6cf207000 	F:\F\java\jdk1.8\bin\java.exe
0x00007ff8c0b60000 - 0x00007ff8c0d50000 	C:\Windows\SYSTEM32\ntdll.dll
0x00007ff8bfa50000 - 0x00007ff8bfb02000 	C:\Windows\System32\KERNEL32.DLL
0x00007ff8bde50000 - 0x00007ff8be0f3000 	C:\Windows\System32\KERNELBASE.dll
0x00007ff8bfb20000 - 0x00007ff8bfbc3000 	C:\Windows\System32\ADVAPI32.dll
0x00007ff8bf640000 - 0x00007ff8bf6de000 	C:\Windows\System32\msvcrt.dll
0x00007ff8c08d0000 - 0x00007ff8c0967000 	C:\Windows\System32\sechost.dll
0x00007ff8bf520000 - 0x00007ff8bf640000 	C:\Windows\System32\RPCRT4.dll
0x00007ff8c00c0000 - 0x00007ff8c0253000 	C:\Windows\System32\USER32.dll
0x00007ff8bde20000 - 0x00007ff8bde41000 	C:\Windows\System32\win32u.dll
0x00007ff8bfa20000 - 0x00007ff8bfa46000 	C:\Windows\System32\GDI32.dll
0x00007ff8bea80000 - 0x00007ff8bec14000 	C:\Windows\System32\gdi32full.dll
0x00007ff8bdaf0000 - 0x00007ff8bdb8e000 	C:\Windows\System32\msvcp_win.dll
0x00007ff8be920000 - 0x00007ff8bea1a000 	C:\Windows\System32\ucrtbase.dll
0x00007ff8aee80000 - 0x00007ff8af105000 	C:\Windows\WinSxS\amd64_microsoft.windows.common-controls_6595b64144ccf1df_6.0.18362.175_none_e6c3ab1f131014c9\COMCTL32.dll
0x00007ff8bf6e0000 - 0x00007ff8bfa16000 	C:\Windows\System32\combase.dll
0x00007ff8bdd90000 - 0x00007ff8bde11000 	C:\Windows\System32\bcryptPrimitives.dll
0x00007ff8c0a40000 - 0x00007ff8c0a6e000 	C:\Windows\System32\IMM32.DLL
0x0000000069a70000 - 0x0000000069b42000 	F:\F\java\jdk1.8\jre\bin\msvcr100.dll
0x00000000683b0000 - 0x0000000068c4b000 	F:\F\java\jdk1.8\jre\bin\server\jvm.dll
0x00007ff8c0710000 - 0x00007ff8c0718000 	C:\Windows\System32\PSAPI.DLL
0x00007ff8b80a0000 - 0x00007ff8b80a9000 	C:\Windows\SYSTEM32\WSOCK32.dll
0x00007ff8c04f0000 - 0x00007ff8c055f000 	C:\Windows\System32\WS2_32.dll
0x00007ff8bb730000 - 0x00007ff8bb754000 	C:\Windows\SYSTEM32\WINMM.dll
0x00007ff8b34b0000 - 0x00007ff8b34ba000 	C:\Windows\SYSTEM32\VERSION.dll
0x00007ff8bb700000 - 0x00007ff8bb72d000 	C:\Windows\SYSTEM32\WINMMBASE.dll
0x00007ff8be880000 - 0x00007ff8be8ca000 	C:\Windows\System32\cfgmgr32.dll
0x0000000069a60000 - 0x0000000069a6f000 	F:\F\java\jdk1.8\jre\bin\verify.dll
0x0000000069a30000 - 0x0000000069a59000 	F:\F\java\jdk1.8\jre\bin\java.dll
0x00000000699f0000 - 0x0000000069a13000 	F:\F\java\jdk1.8\jre\bin\instrument.dll
0x0000000069990000 - 0x00000000699a6000 	F:\F\java\jdk1.8\jre\bin\zip.dll
0x00007ff8bec20000 - 0x00007ff8bf300000 	C:\Windows\System32\SHELL32.dll
0x00007ff8c03c0000 - 0x00007ff8c0469000 	C:\Windows\System32\shcore.dll
0x00007ff8be100000 - 0x00007ff8be87b000 	C:\Windows\System32\windows.storage.dll
0x00007ff8bdad0000 - 0x00007ff8bdaef000 	C:\Windows\System32\profapi.dll
0x00007ff8bda80000 - 0x00007ff8bdaca000 	C:\Windows\System32\powrprof.dll
0x00007ff8bda30000 - 0x00007ff8bda40000 	C:\Windows\System32\UMPDC.dll
0x00007ff8bf4c0000 - 0x00007ff8bf512000 	C:\Windows\System32\shlwapi.dll
0x00007ff8bda60000 - 0x00007ff8bda71000 	C:\Windows\System32\kernel.appcore.dll
0x00007ff8be900000 - 0x00007ff8be917000 	C:\Windows\System32\cryptsp.dll
0x00007ff8a9350000 - 0x00007ff8a936a000 	D:\IDEA\IntelliJ IDEA 2019.3.4\bin\breakgen64.dll
0x0000000069960000 - 0x000000006997a000 	F:\F\java\jdk1.8\jre\bin\net.dll
0x00007ff8bd2a0000 - 0x00007ff8bd307000 	C:\Windows\system32\mswsock.dll
0x0000000069930000 - 0x0000000069941000 	F:\F\java\jdk1.8\jre\bin\nio.dll

VM Arguments:
jvm_args: -Dmaven.home=D:\GitHub-Maven\apache-maven-3.2.5 -Dclassworlds.conf=D:\GitHub-Maven\apache-maven-3.2.5\bin\m2.conf -Dmaven.ext.class.path=D:\IDEA\IntelliJ IDEA 2019.3.4\plugins\maven\lib\maven-event-listener.jar -javaagent:D:\IDEA\IntelliJ IDEA 2019.3.4\lib\idea_rt.jar=61261:D:\IDEA\IntelliJ IDEA 2019.3.4\bin -Dfile.encoding=UTF-8 
java_command: org.codehaus.classworlds.Launcher -Didea.version2019.3.4 -s D:\GitHub-Maven\apache-maven-3.2.5\conf\settings.xml -Dmaven.repo.local=D:\GitHub-Maven\repository clean
java_class_path (initial): D:\GitHub-Maven\apache-maven-3.2.5\boot\plexus-classworlds-2.5.2.jar;D:\IDEA\IntelliJ IDEA 2019.3.4\lib\idea_rt.jar
Launcher Type: SUN_STANDARD

Environment Variables:
JAVA_HOME=F:\F\java\jdk1.8
CLASSPATH=.
PATH=C:\Program Files (x86)\Common Files\Intel\Shared Libraries\redist\intel64\compiler;C:\Windows\system32;C:\Windows;C:\Windows\System32\Wbem;C:\Windows\System32\WindowsPowerShell\v1.0\;C:\Windows\System32\OpenSSH\;F:\F\java\jdk1.8\bin;F:\F\java\jdk1.8\jre\bin;F:\mysql-8.0.15-winx64\bin;C:\Program Files\TortoiseSVN\bin;D:\Git\cmd;C:\Program Files\NVIDIA Corporation\NVIDIA NvDLISR;C:\Program Files (x86)\NVIDIA Corporation\PhysX\Common;D:\GitHub-Maven\apache-maven-3.2.5\bin;C:\Users\Administrator\AppData\Local\Microsoft\WindowsApps;
USERNAME=Administrator
OS=Windows_NT
PROCESSOR_IDENTIFIER=Intel64 Family 6 Model 60 Stepping 3, GenuineIntel



---------------  S Y S T E M  ---------------

OS: Windows 10.0 , 64 bit Build 18362 (10.0.18362.86)

CPU:total 4 (2 cores per cpu, 2 threads per core) family 6 model 60 stepping 3, cmov, cx8, fxsr, mmx, sse, sse2, sse3, ssse3, sse4.1, sse4.2, popcnt, avx, avx2, aes, clmul, erms, lzcnt, ht, tsc, tscinvbit, bmi1, bmi2

Memory: 4k page, physical 8277272k(2375664k free), swap 9325848k(5436k free)

vm_info: Java HotSpot(TM) 64-Bit Server VM (25.121-b13) for windows-amd64 JRE (1.8.0_121-b13), built on Dec 12 2016 18:21:36 by "java_re" with MS VC++ 10.0 (VS2010)

time: Thu Jun 18 15:20:09 2020
elapsed time: 3 seconds (0d 0h 0m 3s)

